=== STEP 3: simulator deeper check ===
Wed Feb 18 16:19:06 KST 2026
== Runtimes ==
== Device Types ==
iPhone 17 Pro (com.apple.CoreSimulator.SimDeviceType.iPhone-17-Pro)
iPhone 17 Pro Max (com.apple.CoreSimulator.SimDeviceType.iPhone-17-Pro-Max)
iPhone Air (com.apple.CoreSimulator.SimDeviceType.iPhone-Air)
iPhone 17 (com.apple.CoreSimulator.SimDeviceType.iPhone-17)
iPhone 16 Pro (com.apple.CoreSimulator.SimDeviceType.iPhone-16-Pro)
iPhone 16 Pro Max (com.apple.CoreSimulator.SimDeviceType.iPhone-16-Pro-Max)
iPhone 16e (com.apple.CoreSimulator.SimDeviceType.iPhone-16e)
iPhone 16 (com.apple.CoreSimulator.SimDeviceType.iPhone-16)
iPhone 16 Plus (com.apple.CoreSimulator.SimDeviceType.iPhone-16-Plus)
iPhone 15 Pro (com.apple.CoreSimulator.SimDeviceType.iPhone-15-Pro)
iPhone 15 Pro Max (com.apple.CoreSimulator.SimDeviceType.iPhone-15-Pro-Max)
iPhone 15 (com.apple.CoreSimulator.SimDeviceType.iPhone-15)
iPhone 15 Plus (com.apple.CoreSimulator.SimDeviceType.iPhone-15-Plus)
iPhone 14 Pro (com.apple.CoreSimulator.SimDeviceType.iPhone-14-Pro)
iPhone 14 Pro Max (com.apple.CoreSimulator.SimDeviceType.iPhone-14-Pro-Max)
iPhone 14 (com.apple.CoreSimulator.SimDeviceType.iPhone-14)
iPhone 14 Plus (com.apple.CoreSimulator.SimDeviceType.iPhone-14-Plus)
iPhone SE (3rd generation) (com.apple.CoreSimulator.SimDeviceType.iPhone-SE-3rd-generation)
iPhone 13 Pro (com.apple.CoreSimulator.SimDeviceType.iPhone-13-Pro)
iPhone 13 Pro Max (com.apple.CoreSimulator.SimDeviceType.iPhone-13-Pro-Max)
iPhone 13 (com.apple.CoreSimulator.SimDeviceType.iPhone-13)
iPhone 13 mini (com.apple.CoreSimulator.SimDeviceType.iPhone-13-mini)
iPhone 12 Pro (com.apple.CoreSimulator.SimDeviceType.iPhone-12-Pro)
iPhone 12 Pro Max (com.apple.CoreSimulator.SimDeviceType.iPhone-12-Pro-Max)
iPhone 12 (com.apple.CoreSimulator.SimDeviceType.iPhone-12)
iPhone 12 mini (com.apple.CoreSimulator.SimDeviceType.iPhone-12-mini)
iPhone SE (2nd generation) (com.apple.CoreSimulator.SimDeviceType.iPhone-SE--2nd-generation-)
iPhone 11 Pro (com.apple.CoreSimulator.SimDeviceType.iPhone-11-Pro)
iPhone 11 Pro Max (com.apple.CoreSimulator.SimDeviceType.iPhone-11-Pro-Max)
iPhone 11 (com.apple.CoreSimulator.SimDeviceType.iPhone-11)
iPhone Xʀ (com.apple.CoreSimulator.SimDeviceType.iPhone-XR)
iPhone Xs (com.apple.CoreSimulator.SimDeviceType.iPhone-XS)
iPhone Xs Max (com.apple.CoreSimulator.SimDeviceType.iPhone-XS-Max)
iPhone X (com.apple.CoreSimulator.SimDeviceType.iPhone-X)
iPhone 8 (com.apple.CoreSimulator.SimDeviceType.iPhone-8)
iPhone 8 Plus (com.apple.CoreSimulator.SimDeviceType.iPhone-8-Plus)
iPhone 7 (com.apple.CoreSimulator.SimDeviceType.iPhone-7)
iPhone 7 Plus (com.apple.CoreSimulator.SimDeviceType.iPhone-7-Plus)
iPhone SE (1st generation) (com.apple.CoreSimulator.SimDeviceType.iPhone-SE)
== Devices ==
