=== STEP 11: fix CocoaPods UTF-8 env and install pods ===
Wed Feb 18 16:57:52 KST 2026
Using Expo modules
[Expo] Enabling modular headers for pod ExpoModulesCore
[Expo] Enabling modular headers for pod React-RCTAppDelegate
[Expo] Enabling modular headers for pod React-RCTFabric
[Expo] Enabling modular headers for pod ReactAppDependencyProvider
[Expo] Enabling modular headers for pod React-Core
[Expo] Enabling modular headers for pod ReactCodegen
[Expo] Enabling modular headers for pod RCTRequired
[Expo] Enabling modular headers for pod RCTTypeSafety
[Expo] Enabling modular headers for pod ReactCommon
[Expo] Enabling modular headers for pod React-NativeModulesApple
[Expo] Enabling modular headers for pod Yoga
[Expo] Enabling modular headers for pod React-Fabric
[Expo] Enabling modular headers for pod React-graphics
[Expo] Enabling modular headers for pod React-utils
[Expo] Enabling modular headers for pod React-featureflags
[Expo] Enabling modular headers for pod React-debug
[Expo] Enabling modular headers for pod React-ImageManager
[Expo] Enabling modular headers for pod React-rendererdebug
[Expo] Enabling modular headers for pod React-jsi
[Expo] Enabling modular headers for pod React-renderercss
[Expo] Enabling modular headers for pod hermes-engine
[Expo] Enabling modular headers for pod glog
[Expo] Enabling modular headers for pod boost
[Expo] Enabling modular headers for pod DoubleConversion
[Expo] Enabling modular headers for pod fast_float
[Expo] Enabling modular headers for pod fmt
[Expo] Enabling modular headers for pod RCT-Folly
[Expo] Enabling modular headers for pod SocketRocket
[Expo] Enabling modular headers for pod SDWebImage
[Expo] Enabling modular headers for pod SDWebImageAVIFCoder
[Expo] Enabling modular headers for pod SDWebImageSVGCoder
[Expo] Enabling modular headers for pod SDWebImageWebPCoder
[Expo] Enabling modular headers for pod libavif
[Expo] Enabling modular headers for pod RNScreens
Found 8 modules for target `ProfitScout`
link_native_modules! {ios_packages: [{configurations: [], name: "expo", root: "/Users/hyeongmin/.openclaw/workspace/apps/profit-scout/node_modules/expo", path: "../node_modules/expo", podspec_path: "/Users/hyeongmin/.openclaw/workspace/apps/profit-scout/node_modules/expo/Expo.podspec", script_phases: []}, {configurations: [], name: "react-native-gesture-handler", root: "/Users/hyeongmin/.openclaw/workspace/apps/profit-scout/node_modules/react-native-gesture-handler", path: "../node_modules/react-native-gesture-handler", podspec_path: "/Users/hyeongmin/.openclaw/workspace/apps/profit-scout/node_modules/react-native-gesture-handler/RNGestureHandler.podspec", script_phases: []}, {configurations: [], name: "react-native-google-mobile-ads", root: "/Users/hyeongmin/.openclaw/workspace/apps/profit-scout/node_modules/react-native-google-mobile-ads", path: "../node_modules/react-native-google-mobile-ads", podspec_path: "/Users/hyeongmin/.openclaw/workspace/apps/profit-scout/node_modules/react-native-google-mobile-ads/RNGoogleMobileAds.podspec", script_phases: [{"name" => "[RNGoogleMobileAds] Configuration", "path" => "./ios_config.sh", "execution_position" => "after_compile", "input_files" => ["$(BUILT_PRODUCTS_DIR)/$(INFOPLIST_PATH)"]}]}, {configurations: [], name: "react-native-purchases", root: "/Users/hyeongmin/.openclaw/workspace/apps/profit-scout/node_modules/react-native-purchases", path: "../node_modules/react-native-purchases", podspec_path: "/Users/hyeongmin/.openclaw/workspace/apps/profit-scout/node_modules/react-native-purchases/RNPurchases.podspec", script_phases: []}, {configurations: [], name: "react-native-reanimated", root: "/Users/hyeongmin/.openclaw/workspace/apps/profit-scout/node_modules/react-native-reanimated", path: "../node_modules/react-native-reanimated", podspec_path: "/Users/hyeongmin/.openclaw/workspace/apps/profit-scout/node_modules/react-native-reanimated/RNReanimated.podspec", script_phases: []}, {configurations: [], name: "react-native-safe-area-context", root: "/Users/hyeongmin/.openclaw/workspace/apps/profit-scout/node_modules/react-native-safe-area-context", path: "../node_modules/react-native-safe-area-context", podspec_path: "/Users/hyeongmin/.openclaw/workspace/apps/profit-scout/node_modules/react-native-safe-area-context/react-native-safe-area-context.podspec", script_phases: []}, {configurations: [], name: "react-native-screens", root: "/Users/hyeongmin/.openclaw/workspace/apps/profit-scout/node_modules/react-native-screens", path: "../node_modules/react-native-screens", podspec_path: "/Users/hyeongmin/.openclaw/workspace/apps/profit-scout/node_modules/react-native-screens/RNScreens.podspec", script_phases: []}, {configurations: [], name: "react-native-worklets", root: "/Users/hyeongmin/.openclaw/workspace/apps/profit-scout/node_modules/react-native-worklets", path: "../node_modules/react-native-worklets", podspec_path: "/Users/hyeongmin/.openclaw/workspace/apps/profit-scout/node_modules/react-native-worklets/RNWorklets.podspec", script_phases: []}], ios_project_root_path: "/Users/hyeongmin/.openclaw/workspace/apps/profit-scout/ios", react_native_path: "../node_modules/react-native"}
Adding a custom script phase for Pod RNGoogleMobileAds: [RNGoogleMobileAds] Configuration
Auto-linking React Native modules for target `ProfitScout`: RNGestureHandler, RNGoogleMobileAds, RNPurchases, RNReanimated, RNScreens, RNWorklets, and react-native-safe-area-context
Framework build type is static library
[ReactNativeDependencies] Setting up ReactNativeDependencies...
[ReactNativeDependencies] Building from source: false
[ReactNativeDependencies] Using release tarball
[ReactNativeDependencies] Using tarball from URL: https://repo1.maven.org/maven2/com/facebook/react/react-native-artifacts/0.81.5/react-native-artifacts-0.81.5-reactnative-dependencies-debug.tar.gz
[ReactNativeDependencies] Source: {http: "https://repo1.maven.org/maven2/com/facebook/react/react-native-artifacts/0.81.5/react-native-artifacts-0.81.5-reactnative-dependencies-debug.tar.gz"}
[ReactNativeCore] Setting up ReactNativeCore...
[ReactNativeCore] Building from source: false
[ReactNativeCore] Using tarball from URL: https://repo1.maven.org/maven2/com/facebook/react/react-native-artifacts/0.81.5/react-native-artifacts-0.81.5-reactnative-core-debug.tar.gz
[ReactNativeCore] Source: {http: "https://repo1.maven.org/maven2/com/facebook/react/react-native-artifacts/0.81.5/react-native-artifacts-0.81.5-reactnative-core-debug.tar.gz"}
Configuring the target with the New Architecture
[ReactNativeCore] Using React Native Core and React Native Dependencies prebuilt versions.
[36m[1m[Codegen][0m Analyzing /Users/hyeongmin/.openclaw/workspace/apps/profit-scout/package.json[0m
[36m[1m[Codegen][0m [33mSearching for codegen-enabled libraries in the app.[0m
[36m[1m[Codegen][0m [33mThe "codegenConfig" field is not defined in package.json. Assuming there is nothing to generate at the app level.[0m
[36m[1m[Codegen][0m [33mSearching for codegen-enabled libraries in react-native.config.js[0m
[36m[1m[Codegen][0m Found react-native-gesture-handler[0m
[36m[1m[Codegen][0m Found react-native-google-mobile-ads[0m
[36m[1m[Codegen][0m Found react-native-reanimated[0m
[36m[1m[Codegen][0m Found react-native-safe-area-context[0m
[36m[1m[Codegen][0m Found react-native-screens[0m
[36m[1m[Codegen][0m Found react-native-worklets[0m
[36m[1m[Codegen][0m Processing rngesturehandler_codegen[0m
[36m[1m[Codegen][0m [33mSearching for podspec in the project dependencies.[0m
[36m[1m[Codegen][0m Supported Apple platforms: ios, macos, tvos, visionos for rngesturehandler_codegen[0m
[36m[1m[Codegen][0m Processing RNGoogleMobileAdsSpec[0m
[36m[1m[Codegen][0m [33mSearching for podspec in the project dependencies.[0m
[36m[1m[Codegen][0m Supported Apple platforms: ios for RNGoogleMobileAdsSpec[0m
[36m[1m[Codegen][0m Processing rnreanimated[0m
[36m[1m[Codegen][0m [33mSearching for podspec in the project dependencies.[0m
[36m[1m[Codegen][0m Supported Apple platforms: ios, macos, tvos, visionos for rnreanimated[0m
[36m[1m[Codegen][0m Processing safeareacontext[0m
[36m[1m[Codegen][0m [33mSearching for podspec in the project dependencies.[0m
[36m[1m[Codegen][0m Supported Apple platforms: ios, macos, tvos, visionos for safeareacontext[0m
[36m[1m[Codegen][0m Processing rnscreens[0m
[36m[1m[Codegen][0m [33mSearching for podspec in the project dependencies.[0m
[36m[1m[Codegen][0m Supported Apple platforms: ios, tvos, visionos for rnscreens[0m
[36m[1m[Codegen][0m Processing rnworklets[0m
[36m[1m[Codegen][0m [33mSearching for podspec in the project dependencies.[0m
[36m[1m[Codegen][0m Supported Apple platforms: ios, macos, tvos, visionos for rnworklets[0m
[36m[1m[Codegen][0m Generating Native Code for rngesturehandler_codegen - ios[0m
[36m[1m[Codegen][0m Generated artifacts: /Users/hyeongmin/.openclaw/workspace/apps/profit-scout/ios/build/generated/ios[0m
[36m[1m[Codegen][0m Generating Native Code for RNGoogleMobileAdsSpec - ios[0m
[36m[1m[Codegen][0m Generated artifacts: /Users/hyeongmin/.openclaw/workspace/apps/profit-scout/ios/build/generated/ios[0m
[36m[1m[Codegen][0m Generating Native Code for rnreanimated - ios[0m
[36m[1m[Codegen][0m Generated artifacts: /Users/hyeongmin/.openclaw/workspace/apps/profit-scout/ios/build/generated/ios[0m
[36m[1m[Codegen][0m Generating Native Code for safeareacontext - ios[0m
[36m[1m[Codegen][0m Generated artifacts: /Users/hyeongmin/.openclaw/workspace/apps/profit-scout/ios/build/generated/ios[0m
[36m[1m[Codegen][0m Generating Native Code for rnscreens - ios[0m
[36m[1m[Codegen][0m Generated artifacts: /Users/hyeongmin/.openclaw/workspace/apps/profit-scout/ios/build/generated/ios[0m
[36m[1m[Codegen][0m Generating Native Code for rnworklets - ios[0m
[36m[1m[Codegen][0m Generated artifacts: /Users/hyeongmin/.openclaw/workspace/apps/profit-scout/ios/build/generated/ios[0m
[36m[1m[Codegen][0m Generating RCTThirdPartyComponentsProvider.h[0m
[36m[1m[Codegen][0m Generated artifact: /Users/hyeongmin/.openclaw/workspace/apps/profit-scout/ios/build/generated/ios/RCTThirdPartyComponentsProvider.h[0m
[36m[1m[Codegen][0m Generating RCTThirdPartyComponentsProvider.mm[0m
[36m[1m[Codegen][0m Generated artifact: /Users/hyeongmin/.openclaw/workspace/apps/profit-scout/ios/build/generated/ios/RCTThirdPartyComponentsProvider.mm[0m
[36m[1m[Codegen][0m Generating RCTModulesProvider.h[0m
[36m[1m[Codegen][0m Generated artifact: /Users/hyeongmin/.openclaw/workspace/apps/profit-scout/ios/build/generated/ios/RCTModuleProviders.h[0m
[36m[1m[Codegen][0m Generating RCTModuleProviders.mm[0m
[36m[1m[Codegen][0m Generated artifact: /Users/hyeongmin/.openclaw/workspace/apps/profit-scout/ios/build/generated/ios/RCTModuleProviders.mm[0m
[36m[1m[Codegen][0m Generating RCTAppDependencyProvider[0m
[36m[1m[Codegen][0m Generated artifact: /Users/hyeongmin/.openclaw/workspace/apps/profit-scout/ios/build/generated/ios/RCTAppDependencyProvider.h[0m
[36m[1m[Codegen][0m Generated artifact: /Users/hyeongmin/.openclaw/workspace/apps/profit-scout/ios/build/generated/ios/RCTAppDependencyProvider.mm[0m
[36m[1m[Codegen][0m Generated podspec: /Users/hyeongmin/.openclaw/workspace/apps/profit-scout/ios/build/generated/ios/ReactAppDependencyProvider.podspec[0m
[36m[1m[Codegen][0m Generated podspec: /Users/hyeongmin/.openclaw/workspace/apps/profit-scout/ios/build/generated/ios/ReactCodegen.podspec[0m
[36m[1m[Codegen][0m [33mDone.[0m
Updating local specs repositories
Adding spec repo `trunk` with CDN `https://cdn.cocoapods.org/`
Analyzing dependencies
Fetching podspec for `React-Core-prebuilt` from `../node_modules/react-native/React-Core-prebuilt.podspec`
[ReactNativeCore] Using tarball from URL: https://repo1.maven.org/maven2/com/facebook/react/react-native-artifacts/0.81.5/react-native-artifacts-0.81.5-reactnative-core-debug.tar.gz
Fetching podspec for `ReactNativeDependencies` from `../node_modules/react-native/third-party-podspecs/ReactNativeDependencies.podspec`
[ReactNativeDependencies] Using release tarball
[ReactNativeDependencies] Using tarball from URL: https://repo1.maven.org/maven2/com/facebook/react/react-native-artifacts/0.81.5/react-native-artifacts-0.81.5-reactnative-dependencies-debug.tar.gz
Fetching podspec for `hermes-engine` from `../node_modules/react-native/sdks/hermes-engine/hermes-engine.podspec`
[Hermes] Using release tarball from URL: https://repo1.maven.org/maven2/com/facebook/react/react-native-artifacts/0.81.5/react-native-artifacts-0.81.5-hermes-ios-debug.tar.gz
Downloading dependencies
Installing EXConstants (18.0.13)
Installing Expo (54.0.33)
Installing ExpoAsset (12.0.12)
Installing ExpoDevice (8.0.10)
Installing ExpoFileSystem (19.0.21)
Installing ExpoFont (14.0.11)
Installing ExpoHaptics (15.0.8)
Installing ExpoHead (6.0.23)
Installing ExpoImage (3.0.11)
Installing ExpoKeepAwake (15.0.8)
Installing ExpoLinking (8.0.11)
Installing ExpoModulesCore (3.0.29)
Installing ExpoSecureStore (15.0.8)
Installing ExpoSplashScreen (31.0.13)
Installing ExpoSymbols (1.0.8)
Installing ExpoSystemUI (6.0.9)
Installing ExpoWebBrowser (15.0.10)
Installing FBLazyVector (0.81.5)
Installing Google-Mobile-Ads-SDK (12.14.0)
Installing GoogleUserMessagingPlatform (3.1.0)
Installing PurchasesHybridCommon (17.38.0)
Installing RCTDeprecation (0.81.5)
Installing RCTRequired (0.81.5)
Installing RCTTypeSafety (0.81.5)
Installing RNGestureHandler (2.28.0)
Installing RNGoogleMobileAds (16.0.3)
Installing RNPurchases (9.10.0)
Installing RNReanimated (4.1.6)
Installing RNScreens (4.16.0)
Installing RNWorklets (0.5.1)
Installing React (0.81.5)
Installing React-Core (0.81.5)
Installing React-Core-prebuilt (0.81.5)
Installing React-CoreModules (0.81.5)
Installing React-Fabric (0.81.5)
Installing React-FabricComponents (0.81.5)
Installing React-FabricImage (0.81.5)
Installing React-ImageManager (0.81.5)
Installing React-Mapbuffer (0.81.5)
Installing React-NativeModulesApple (0.81.5)
Installing React-RCTActionSheet (0.81.5)
Installing React-RCTAnimation (0.81.5)
Installing React-RCTAppDelegate (0.81.5)
Installing React-RCTBlob (0.81.5)
Installing React-RCTFBReactNativeSpec (0.81.5)
Installing React-RCTFabric (0.81.5)
Installing React-RCTImage (0.81.5)
Installing React-RCTLinking (0.81.5)
Installing React-RCTNetwork (0.81.5)
Installing React-RCTRuntime (0.81.5)
Installing React-RCTSettings (0.81.5)
Installing React-RCTText (0.81.5)
Installing React-RCTVibration (0.81.5)
Installing React-RuntimeApple (0.81.5)
Installing React-RuntimeCore (0.81.5)
Installing React-RuntimeHermes (0.81.5)
Installing React-callinvoker (0.81.5)
Installing React-cxxreact (0.81.5)
Installing React-debug (0.81.5)
Installing React-defaultsnativemodule (0.81.5)
Installing React-domnativemodule (0.81.5)
Installing React-featureflags (0.81.5)
Installing React-featureflagsnativemodule (0.81.5)
Installing React-graphics (0.81.5)
Installing React-hermes (0.81.5)
Installing React-idlecallbacksnativemodule (0.81.5)
Installing React-jserrorhandler (0.81.5)
Installing React-jsi (0.81.5)
Installing React-jsiexecutor (0.81.5)
Installing React-jsinspector (0.81.5)
Installing React-jsinspectorcdp (0.81.5)
Installing React-jsinspectornetwork (0.81.5)
Installing React-jsinspectortracing (0.81.5)
Installing React-jsitooling (0.81.5)
Installing React-jsitracing (0.81.5)
Installing React-logger (0.81.5)
Installing React-microtasksnativemodule (0.81.5)
Installing React-oscompat (0.81.5)
Installing React-perflogger (0.81.5)
Installing React-performancetimeline (0.81.5)
Installing React-rendererconsistency (0.81.5)
Installing React-renderercss (0.81.5)
Installing React-rendererdebug (0.81.5)
Installing React-runtimeexecutor (0.81.5)
Installing React-runtimescheduler (0.81.5)
Installing React-timing (0.81.5)
Installing React-utils (0.81.5)
Installing ReactAppDependencyProvider (0.81.5)
Installing ReactCodegen (0.81.5)
Installing ReactCommon (0.81.5)
Installing ReactNativeDependencies (0.81.5)
Installing RevenueCat (5.59.0)
Installing SDWebImage (5.21.6)
Installing SDWebImageAVIFCoder (0.11.1)
Installing SDWebImageSVGCoder (1.7.0)
Installing SDWebImageWebPCoder (0.14.6)
Installing Yoga (0.0.0)
Installing hermes-engine (0.81.5)
Installing libavif (1.0.0)
Installing libdav1d (1.2.0)
Installing libwebp (1.5.0)
Installing react-native-safe-area-context (5.6.2)
Generating Pods project
Setting USE_HERMES build settings
Setting REACT_NATIVE_PATH build settings
Setting SWIFT_ACTIVE_COMPILATION_CONDITIONS build settings
[Ccache]: Removing Ccache from CC, LD, CXX & LDPLUSPLUS build settings
Setting SWIFT_ENABLE_EXPLICIT_MODULES build settings
[SPM] Cleaning old SPM dependencies from Pods project
[SPM] Adding SPM dependencies to Pods project
[Privacy Manifest Aggregation] No existing PrivacyInfo.xcprivacy file found, creating a new one.
[Privacy Manifest Aggregation] Reading .xcprivacy files to aggregate all used Required Reason APIs.
file_root: ProfitScout
Setting CLANG_CXX_LANGUAGE_STANDARD to c++20 on /Users/hyeongmin/.openclaw/workspace/apps/profit-scout/ios/ProfitScout.xcodeproj

==================== DEPRECATION NOTICE =====================
Calling `pod install` directly is deprecated in React Native
because we are moving away from Cocoapods toward alternative
solutions to build the project.
* If you are using Expo, please run:
`npx expo run:ios`
* If you are using the Community CLI, please run:
`yarn ios`
=============================================================

Pod install took 110 [s] to run
Integrating client project

[!] Please close any current Xcode sessions and use `ProfitScout.xcworkspace` for this project from now on.
[Expo] Installing the build script for target ProfitScout
Pod installation complete! There are 92 dependencies from the Podfile and 102 total pods installed.
[Expo] Adding '[Expo Autolinking] Run Codegen with autolinking' build phase to ReactCodegen
